<?xml version="1.0" encoding="UTF-8"?>
<!-- Generated by org.testng.reporters.JUnitReportReporter -->
<testsuite skipped="0" hostname="DESKTOP-5L88DAI" name="getRequest.GetData" tests="2" failures="0" timestamp="11 Kas 2018 07:26:37 GMT" time="1.962" errors="0">
  <testcase name="testResponsecode" time="1.811" classname="getRequest.GetData"/>
  <testcase name="testbody" time="0.151" classname="getRequest.GetData"/>
</testsuite> <!-- getRequest.GetData -->
